mode: set
github.com/AlisherGulomzoda/wallet/pkg/wallet/service.go:26.78,27.37 1 1
github.com/AlisherGulomzoda/wallet/pkg/wallet/service.go:33.2,41.21 4 1
github.com/AlisherGulomzoda/wallet/pkg/wallet/service.go:27.37,28.29 1 0
github.com/AlisherGulomzoda/wallet/pkg/wallet/service.go:28.29,30.4 1 0
github.com/AlisherGulomzoda/wallet/pkg/wallet/service.go:45.70,46.17 1 1
github.com/AlisherGulomzoda/wallet/pkg/wallet/service.go:50.2,51.33 2 1
github.com/AlisherGulomzoda/wallet/pkg/wallet/service.go:58.2,58.20 1 1
github.com/AlisherGulomzoda/wallet/pkg/wallet/service.go:62.2,64.12 2 1
github.com/AlisherGulomzoda/wallet/pkg/wallet/service.go:46.17,48.3 1 0
github.com/AlisherGulomzoda/wallet/pkg/wallet/service.go:51.33,52.26 1 1
github.com/AlisherGulomzoda/wallet/pkg/wallet/service.go:52.26,54.9 2 1
github.com/AlisherGulomzoda/wallet/pkg/wallet/service.go:58.20,60.3 1 0
github.com/AlisherGulomzoda/wallet/pkg/wallet/service.go:68.116,69.17 1 1
github.com/AlisherGulomzoda/wallet/pkg/wallet/service.go:73.2,74.33 2 1
github.com/AlisherGulomzoda/wallet/pkg/wallet/service.go:81.2,81.20 1 1
github.com/AlisherGulomzoda/wallet/pkg/wallet/service.go:85.2,85.30 1 1
github.com/AlisherGulomzoda/wallet/pkg/wallet/service.go:89.2,101.21 5 1
github.com/AlisherGulomzoda/wallet/pkg/wallet/service.go:69.17,71.3 1 0
github.com/AlisherGulomzoda/wallet/pkg/wallet/service.go:74.33,75.26 1 1
github.com/AlisherGulomzoda/wallet/pkg/wallet/service.go:75.26,77.9 2 1
github.com/AlisherGulomzoda/wallet/pkg/wallet/service.go:81.20,83.3 1 0
github.com/AlisherGulomzoda/wallet/pkg/wallet/service.go:85.30,87.3 1 0
github.com/AlisherGulomzoda/wallet/pkg/wallet/service.go:105.76,107.33 2 1
github.com/AlisherGulomzoda/wallet/pkg/wallet/service.go:114.2,114.20 1 1
github.com/AlisherGulomzoda/wallet/pkg/wallet/service.go:118.2,118.21 1 1
github.com/AlisherGulomzoda/wallet/pkg/wallet/service.go:107.33,108.26 1 1
github.com/AlisherGulomzoda/wallet/pkg/wallet/service.go:108.26,110.9 2 1
github.com/AlisherGulomzoda/wallet/pkg/wallet/service.go:114.20,116.3 1 1
github.com/AlisherGulomzoda/wallet/pkg/wallet/service.go:121.50,123.16 2 1
github.com/AlisherGulomzoda/wallet/pkg/wallet/service.go:127.2,128.33 2 1
github.com/AlisherGulomzoda/wallet/pkg/wallet/service.go:134.2,134.20 1 1
github.com/AlisherGulomzoda/wallet/pkg/wallet/service.go:138.2,142.12 4 1
github.com/AlisherGulomzoda/wallet/pkg/wallet/service.go:123.16,125.3 1 1
github.com/AlisherGulomzoda/wallet/pkg/wallet/service.go:128.33,129.34 1 1
github.com/AlisherGulomzoda/wallet/pkg/wallet/service.go:129.34,131.4 1 1
github.com/AlisherGulomzoda/wallet/pkg/wallet/service.go:134.20,136.3 1 0
github.com/AlisherGulomzoda/wallet/pkg/wallet/service.go:146.76,147.33 1 1
github.com/AlisherGulomzoda/wallet/pkg/wallet/service.go:153.2,153.32 1 1
github.com/AlisherGulomzoda/wallet/pkg/wallet/service.go:147.33,148.26 1 1
github.com/AlisherGulomzoda/wallet/pkg/wallet/service.go:148.26,150.4 1 1
github.com/AlisherGulomzoda/wallet/pkg/wallet/service.go:157.68,159.32 2 1
github.com/AlisherGulomzoda/wallet/pkg/wallet/service.go:166.2,167.16 2 1
github.com/AlisherGulomzoda/wallet/pkg/wallet/service.go:171.2,171.21 1 1
github.com/AlisherGulomzoda/wallet/pkg/wallet/service.go:159.32,160.26 1 1
github.com/AlisherGulomzoda/wallet/pkg/wallet/service.go:160.26,162.9 2 1
github.com/AlisherGulomzoda/wallet/pkg/wallet/service.go:167.16,169.3 1 0
github.com/AlisherGulomzoda/wallet/pkg/wallet/service.go:175.110,177.16 2 1
github.com/AlisherGulomzoda/wallet/pkg/wallet/service.go:181.2,182.16 2 1
github.com/AlisherGulomzoda/wallet/pkg/wallet/service.go:186.2,186.30 1 1
github.com/AlisherGulomzoda/wallet/pkg/wallet/service.go:177.16,179.3 1 0
github.com/AlisherGulomzoda/wallet/pkg/wallet/service.go:182.16,184.3 1 0
github.com/AlisherGulomzoda/wallet/pkg/wallet/service.go:189.91,191.16 2 1
github.com/AlisherGulomzoda/wallet/pkg/wallet/service.go:195.2,205.22 3 1
github.com/AlisherGulomzoda/wallet/pkg/wallet/service.go:191.16,193.3 1 0
github.com/AlisherGulomzoda/wallet/pkg/wallet/service.go:208.78,210.34 2 1
github.com/AlisherGulomzoda/wallet/pkg/wallet/service.go:217.2,217.21 1 1
github.com/AlisherGulomzoda/wallet/pkg/wallet/service.go:221.2,223.16 3 1
github.com/AlisherGulomzoda/wallet/pkg/wallet/service.go:227.2,227.21 1 1
github.com/AlisherGulomzoda/wallet/pkg/wallet/service.go:210.34,211.27 1 1
github.com/AlisherGulomzoda/wallet/pkg/wallet/service.go:211.27,213.9 2 1
github.com/AlisherGulomzoda/wallet/pkg/wallet/service.go:217.21,219.3 1 1
github.com/AlisherGulomzoda/wallet/pkg/wallet/service.go:223.16,225.3 1 0
