mode: set
github.com/AlisherGulomzoda/wallet/pkg/wallet/service.go:24.78,25.37 1 1
github.com/AlisherGulomzoda/wallet/pkg/wallet/service.go:31.2,39.21 4 1
github.com/AlisherGulomzoda/wallet/pkg/wallet/service.go:25.37,26.29 1 1
github.com/AlisherGulomzoda/wallet/pkg/wallet/service.go:26.29,28.4 1 1
github.com/AlisherGulomzoda/wallet/pkg/wallet/service.go:43.70,44.17 1 1
github.com/AlisherGulomzoda/wallet/pkg/wallet/service.go:48.2,49.33 2 1
github.com/AlisherGulomzoda/wallet/pkg/wallet/service.go:56.2,56.20 1 1
github.com/AlisherGulomzoda/wallet/pkg/wallet/service.go:60.2,62.12 2 1
github.com/AlisherGulomzoda/wallet/pkg/wallet/service.go:44.17,46.3 1 1
github.com/AlisherGulomzoda/wallet/pkg/wallet/service.go:49.33,50.26 1 1
github.com/AlisherGulomzoda/wallet/pkg/wallet/service.go:50.26,52.9 2 1
github.com/AlisherGulomzoda/wallet/pkg/wallet/service.go:56.20,58.3 1 1
github.com/AlisherGulomzoda/wallet/pkg/wallet/service.go:66.116,67.17 1 1
github.com/AlisherGulomzoda/wallet/pkg/wallet/service.go:71.2,72.33 2 1
github.com/AlisherGulomzoda/wallet/pkg/wallet/service.go:79.2,79.20 1 1
github.com/AlisherGulomzoda/wallet/pkg/wallet/service.go:83.2,83.30 1 1
github.com/AlisherGulomzoda/wallet/pkg/wallet/service.go:87.2,99.21 5 1
github.com/AlisherGulomzoda/wallet/pkg/wallet/service.go:67.17,69.3 1 1
github.com/AlisherGulomzoda/wallet/pkg/wallet/service.go:72.33,73.26 1 1
github.com/AlisherGulomzoda/wallet/pkg/wallet/service.go:73.26,75.9 2 1
github.com/AlisherGulomzoda/wallet/pkg/wallet/service.go:79.20,81.3 1 1
github.com/AlisherGulomzoda/wallet/pkg/wallet/service.go:83.30,85.3 1 1
github.com/AlisherGulomzoda/wallet/pkg/wallet/service.go:103.76,105.33 2 1
github.com/AlisherGulomzoda/wallet/pkg/wallet/service.go:112.2,112.20 1 1
github.com/AlisherGulomzoda/wallet/pkg/wallet/service.go:116.2,116.21 1 1
github.com/AlisherGulomzoda/wallet/pkg/wallet/service.go:105.33,106.26 1 1
github.com/AlisherGulomzoda/wallet/pkg/wallet/service.go:106.26,108.9 2 1
github.com/AlisherGulomzoda/wallet/pkg/wallet/service.go:112.20,114.3 1 1
github.com/AlisherGulomzoda/wallet/pkg/wallet/service.go:119.50,121.16 2 0
github.com/AlisherGulomzoda/wallet/pkg/wallet/service.go:125.2,126.33 2 0
github.com/AlisherGulomzoda/wallet/pkg/wallet/service.go:132.2,132.20 1 0
github.com/AlisherGulomzoda/wallet/pkg/wallet/service.go:136.2,140.12 4 0
github.com/AlisherGulomzoda/wallet/pkg/wallet/service.go:121.16,123.3 1 0
github.com/AlisherGulomzoda/wallet/pkg/wallet/service.go:126.33,127.34 1 0
github.com/AlisherGulomzoda/wallet/pkg/wallet/service.go:127.34,129.4 1 0
github.com/AlisherGulomzoda/wallet/pkg/wallet/service.go:132.20,134.3 1 0
github.com/AlisherGulomzoda/wallet/pkg/wallet/service.go:144.76,145.33 1 1
github.com/AlisherGulomzoda/wallet/pkg/wallet/service.go:151.2,151.32 1 0
github.com/AlisherGulomzoda/wallet/pkg/wallet/service.go:145.33,146.26 1 1
github.com/AlisherGulomzoda/wallet/pkg/wallet/service.go:146.26,148.4 1 1
